<?xml version="1.0" encoding="UTF-8"?>
<testng-results ignored="0" total="0" passed="0" failed="0" skipped="0">
  <reporter-output>
  </reporter-output>
  <suite started-at="2019-01-25T12:13:37Z" name="AutomationScripts" finished-at="2019-01-25T12:16:05Z" duration-ms="148769">
    <groups>
    </groups>
    <test started-at="2019-01-25T12:13:37Z" name="Automation" finished-at="2019-01-25T12:16:05Z" duration-ms="148769">
    </test> <!-- Automation -->
  </suite> <!-- AutomationScripts -->
</testng-results>
